<?xml version="1.0" encoding="UTF-8"?>
<testng-results skipped="0" failed="0" total="1" passed="1">
  <reporter-output>
  </reporter-output>
  <suite name="Default suite" duration-ms="125" started-at="2016-03-08T04:25:42Z" finished-at="2016-03-08T04:25:42Z">
    <groups>
    </groups>
    <test name="Default test" duration-ms="125" started-at="2016-03-08T04:25:42Z" finished-at="2016-03-08T04:25:42Z">
      <class name="static_block.Demo3">
        <test-method status="PASS" signature="testA()[pri:0, instance:static_block.Demo3@d70c109]" name="testA" duration-ms="47" started-at="2016-03-07T20:25:42Z" finished-at="2016-03-07T20:25:42Z">
          <reporter-output>
          </reporter-output>
        </test-method> <!-- testA -->
      </class> <!-- static_block.Demo3 -->
    </test> <!-- Default test -->
  </suite> <!-- Default suite -->
</testng-results>
